<?xml version="1.0" encoding="UTF-8"?>
<!-- Generated by org.testng.reporters.JUnitReportReporter -->
<testsuite skipped="0" hostname="EN911042" name="restFullBooker.RestFullRating" tests="3" failures="0" timestamp="2020-08-27T22:11:09 COT" time="2.008" errors="0">
  <testcase name="rateTvEpisode" time="0.690" classname="restFullBooker.RestFullRating"/>
  <system-out/>
  <testcase name="rateMovies" time="0.728" classname="restFullBooker.RestFullRating"/>
  <system-out/>
  <testcase name="rateTvShow" time="0.590" classname="restFullBooker.RestFullRating"/>
  <system-out/>
</testsuite> <!-- restFullBooker.RestFullRating -->
