<?xml version="1.0" encoding="UTF-8"?>
<!-- Generated by org.testng.reporters.JUnitReportReporter -->
<testsuite skipped="0" hostname="EN911042" name="restFullBooker.RestFullBookerMain" tests="1" failures="0" timestamp="2020-08-27T22:11:09 COT" time="5.899" errors="0">
  <testcase name="createSessionList" time="5.899" classname="restFullBooker.RestFullBookerMain"/>
  <system-out/>
</testsuite> <!-- restFullBooker.RestFullBookerMain -->
